<?xml version="1.0" encoding="utf-8"?><testsuites name="pytest tests"><testsuite name="pytest" errors="0" failures="1" skipped="0" tests="7" time="21.245" timestamp="2026-06-28T14:17:27.867516+00:00" hostname="agent-env-e3140e71-9447-46bf-9cf6-6458152b12e9"><testcase classname="tests.backend_test.TestConversations" name="test_conv_requires_auth" time="0.591" /><testcase classname="tests.backend_test.TestConversations" name="test_create_list_get_patch_delete" time="0.394" /><testcase classname="tests.backend_test.TestConversations" name="test_message_flow_and_memory" time="12.943"><failure message="AssertionError: AI didn't remember startup name. Got: you haven't shared your startup's name with me yet—tell me what it's called so we can start building!&#10;assert 'pixelforge' in &quot;you haven't shared your startup's name with me yet—tell me what it's called so we can start building!&quot;">backend/tests/backend_test.py:339: in test_message_flow_and_memory
    assert "pixelforge" in reply, f"AI didn't remember startup name. Got: {reply[:200]}"
E   AssertionError: AI didn't remember startup name. Got: you haven't shared your startup's name with me yet—tell me what it's called so we can start building!
E   assert 'pixelforge' in "you haven't shared your startup's name with me yet—tell me what it's called so we can start building!"</failure></testcase><testcase classname="tests.backend_test.TestConversations" name="test_extract_startup_empty_returns_4xx" time="0.140" /><testcase classname="tests.backend_test.TestConversations" name="test_extract_startup_and_bootstrap" time="6.962" /><testcase classname="tests.backend_test.TestConversations" name="test_extract_startup_unknown_conv_404" time="0.081" /><testcase classname="tests.backend_test.TestConversations" name="test_bootstrap_requires_auth" time="0.046" /></testsuite></testsuites>