<?xml version="1.0" encoding="utf-8"?><testsuites name="pytest tests"><testsuite name="pytest" errors="0" failures="2" skipped="0" tests="17" time="5.010" timestamp="2026-06-28T15:11:05.372549+00:00" hostname="agent-env-e3140e71-9447-46bf-9cf6-6458152b12e9"><testcase classname="tests.test_discover.TestRegression" name="test_root" time="0.232" /><testcase classname="tests.test_discover.TestDiscover" name="test_startups_default" time="0.976" /><testcase classname="tests.test_discover.TestRegression" name="test_signup" time="0.154" /><testcase classname="tests.test_discover.TestRegression" name="test_newsletter" time="0.103"><failure message="assert 404 in (200, 201)&#10; +  where 404 = &lt;Response [404]&gt;.status_code">backend/tests/test_discover.py:114: in test_newsletter
    assert r.status_code in (200, 201)
E   assert 404 in (200, 201)
E    +  where 404 = &lt;Response [404]&gt;.status_code</failure></testcase><testcase classname="tests.test_discover.TestRegression" name="test_auth_me_unauth" time="0.101" /><testcase classname="tests.test_discover.TestRegression" name="test_auth_me_with_session" time="0.120" /><testcase classname="tests.test_discover.TestRegression" name="test_workspace_projects" time="0.102" /><testcase classname="tests.test_discover.TestRegression" name="test_workspace_conversations" time="0.130" /><testcase classname="tests.test_discover.TestDiscover" name="test_startups_limit" time="0.770" /><testcase classname="tests.test_discover.TestDiscover" name="test_stories" time="0.190" /><testcase classname="tests.test_discover.TestDiscover" name="test_industries" time="0.095" /><testcase classname="tests.test_discover.TestDiscover" name="test_search_stripe" time="0.755" /><testcase classname="tests.test_discover.TestDiscover" name="test_search_fintech_multiple" time="0.764"><failure message="AssertionError: expected multiple for fintech got 1&#10;assert 1 &gt;= 2&#10; +  where 1 = len([{'slug': 'stripe', 'name': 'Stripe', 'description': 'Payments infrastructure for the internet.', 'industry': 'Fintech', ...}])">backend/tests/test_discover.py:64: in test_search_fintech_multiple
    assert len(items) &gt;= 2, f"expected multiple for fintech got {len(items)}"
E   AssertionError: expected multiple for fintech got 1
E   assert 1 &gt;= 2
E    +  where 1 = len([{'slug': 'stripe', 'name': 'Stripe', 'description': 'Payments infrastructure for the internet.', 'industry': 'Fintech', ...}])</failure></testcase><testcase classname="tests.test_discover.TestDiscover" name="test_search_empty_q" time="0.093" /><testcase classname="tests.test_discover.TestDiscover" name="test_company_stripe" time="0.096" /><testcase classname="tests.test_discover.TestDiscover" name="test_company_unknown_404" time="0.778" /><testcase classname="tests.test_discover.TestDiscover" name="test_startups_cache_second_call" time="0.141" /></testsuite></testsuites>