<?xml version="1.0" encoding="utf-8"?><testsuites name="pytest tests"><testsuite name="pytest" errors="0" failures="1" skipped="0" tests="6" time="0.925" timestamp="2026-06-28T07:49:29.839423+00:00" hostname="agent-env-e3140e71-9447-46bf-9cf6-6458152b12e9"><testcase classname="tests.backend_test.TestSignup" name="test_signup_creates_record" time="0.189" /><testcase classname="tests.backend_test.TestHealth" name="test_root_alive" time="0.123" /><testcase classname="tests.backend_test.TestChat" name="test_chat_returns_reply" time="0.434"><failure message="AssertionError: {&quot;detail&quot;:&quot;Failed to start streaming completion: litellm.BadRequestError: OpenAIException - Budget has been exceeded! Current cost: 0.0, Max budget: 0.0&quot;}&#10;assert 500 == 200&#10; +  where 500 = &lt;Response [500]&gt;.status_code">backend/tests/backend_test.py:71: in test_chat_returns_reply
    assert r.status_code == 200, r.text
E   AssertionError: {"detail":"Failed to start streaming completion: litellm.BadRequestError: OpenAIException - Budget has been exceeded! Current cost: 0.0, Max budget: 0.0"}
E   assert 500 == 200
E    +  where 500 = &lt;Response [500]&gt;.status_code</failure></testcase><testcase classname="tests.backend_test.TestSignup" name="test_signup_idempotent_same_email" time="0.289" /><testcase classname="tests.backend_test.TestSignup" name="test_signup_invalid_email" time="0.051" /><testcase classname="tests.backend_test.TestSignup" name="test_signup_minimal_payload" time="0.047" /></testsuite></testsuites>